Analysis & Synthesis report for snake_game
Sun Mar 16 20:08:57 2025
Quartus II 64-Bit Version 13.0.1 Build 232 06/12/2013 Service Pack 1 SJ Web Edition


---------------------
; Table of Contents ;
---------------------
  1. Legal Notice
  2. Analysis & Synthesis Summary
  3. Analysis & Synthesis Settings
  4. Parallel Compilation
  5. Analysis & Synthesis Source Files Read
  6. Analysis & Synthesis Resource Usage Summary
  7. Analysis & Synthesis Resource Utilization by Entity
  8. Analysis & Synthesis RAM Summary
  9. State Machine - |TOP|next
 10. State Machine - |TOP|current
 11. State Machine - |TOP|wall
 12. State Machine - |TOP|dir
 13. Registers Removed During Synthesis
 14. General Register Statistics
 15. Inverted Register Statistics
 16. Registers Packed Into Inferred Megafunctions
 17. Multiplexer Restructuring Statistics (Restructuring Performed)
 18. Source assignments for sound:U4|altsyncram:WideOr4_rtl_0|altsyncram_3901:auto_generated
 19. Parameter Settings for User Entity Instance: sound:U4
 20. Parameter Settings for Inferred Entity Instance: sound:U4|altsyncram:WideOr4_rtl_0
 21. Parameter Settings for Inferred Entity Instance: DISPLAY_7SEG:U2|lpm_divide:Div0
 22. Parameter Settings for Inferred Entity Instance: DISPLAY_7SEG:U2|lpm_divide:Mod0
 23. Parameter Settings for Inferred Entity Instance: RNG:U5|lpm_divide:Mod0
 24. altsyncram Parameter Settings by Entity Instance
 25. Port Connectivity Checks: "RNG:U5"
 26. Port Connectivity Checks: "DISPLAY_7SEG:U2"
 27. Elapsed Time Per Partition
 28. Analysis & Synthesis Messages
 29. Analysis & Synthesis Suppressed Messages



----------------
; Legal Notice ;
----------------
Copyright (C) 1991-2013 Altera Corporation
Your use of Altera Corporation's design tools, logic functions 
and other software and tools, and its AMPP partner logic 
functions, and any output files from any of the foregoing 
(including device programming or simulation files), and any 
associated documentation or information are expressly subject 
to the terms and conditions of the Altera Program License 
Subscription Agreement, Altera MegaCore Function License 
Agreement, or other applicable license agreement, including, 
without limitation, that your use is for the sole purpose of 
programming logic devices manufactured by Altera and sold by 
Altera or its authorized distributors.  Please refer to the 
applicable agreement for further details.



+--------------------------------------------------------------------------------------+
; Analysis & Synthesis Summary                                                         ;
+------------------------------------+-------------------------------------------------+
; Analysis & Synthesis Status        ; Successful - Sun Mar 16 20:08:56 2025           ;
; Quartus II 64-Bit Version          ; 13.0.1 Build 232 06/12/2013 SP 1 SJ Web Edition ;
; Revision Name                      ; snake_game                                      ;
; Top-level Entity Name              ; TOP                                             ;
; Family                             ; Cyclone IV E                                    ;
; Total logic elements               ; 2,626                                           ;
;     Total combinational functions  ; 1,976                                           ;
;     Dedicated logic registers      ; 944                                             ;
; Total registers                    ; 944                                             ;
; Total pins                         ; 29                                              ;
; Total virtual pins                 ; 0                                               ;
; Total memory bits                  ; 1,792                                           ;
; Embedded Multiplier 9-bit elements ; 0                                               ;
; Total PLLs                         ; 0                                               ;
+------------------------------------+-------------------------------------------------+


+----------------------------------------------------------------------------------------------------------------------+
; Analysis & Synthesis Settings                                                                                        ;
+----------------------------------------------------------------------------+--------------------+--------------------+
; Option                                                                     ; Setting            ; Default Value      ;
+----------------------------------------------------------------------------+--------------------+--------------------+
; Device                                                                     ; EP4CE6E22C8        ;                    ;
; Top-level entity name                                                      ; TOP                ; snake_game         ;
; Family name                                                                ; Cyclone IV E       ; Cyclone IV GX      ;
; Verilog Show LMF Mapping Messages                                          ; Off                ;                    ;
; Verilog Version                                                            ; SystemVerilog_2005 ; Verilog_2001       ;
; Use smart compilation                                                      ; Off                ; Off                ;
; Enable parallel Assembler and TimeQuest Timing Analyzer during compilation ; On                 ; On                 ;
; Enable compact report table                                                ; Off                ; Off                ;
; Restructure Multiplexers                                                   ; Auto               ; Auto               ;
; Create Debugging Nodes for IP Cores                                        ; Off                ; Off                ;
; Preserve fewer node names                                                  ; On                 ; On                 ;
; Disable OpenCore Plus hardware evaluation                                  ; Off                ; Off                ;
; VHDL Version                                                               ; VHDL_1993          ; VHDL_1993          ;
; State Machine Processing                                                   ; Auto               ; Auto               ;
; Safe State Machine                                                         ; Off                ; Off                ;
; Extract Verilog State Machines                                             ; On                 ; On                 ;
; Extract VHDL State Machines                                                ; On                 ; On                 ;
; Ignore Verilog initial constructs                                          ; Off                ; Off                ;
; Iteration limit for constant Verilog loops                                 ; 5000               ; 5000               ;
; Iteration limit for non-constant Verilog loops                             ; 250                ; 250                ;
; Add Pass-Through Logic to Inferred RAMs                                    ; On                 ; On                 ;
; Infer RAMs from Raw Logic                                                  ; On                 ; On                 ;
; Parallel Synthesis                                                         ; On                 ; On                 ;
; DSP Block Balancing                                                        ; Auto               ; Auto               ;
; NOT Gate Push-Back                                                         ; On                 ; On                 ;
; Power-Up Don't Care                                                        ; On                 ; On                 ;
; Remove Redundant Logic Cells                                               ; Off                ; Off                ;
; Remove Duplicate Registers                                                 ; On                 ; On                 ;
; Ignore CARRY Buffers                                                       ; Off                ; Off                ;
; Ignore CASCADE Buffers                                                     ; Off                ; Off                ;
; Ignore GLOBAL Buffers                                                      ; Off                ; Off                ;
; Ignore ROW GLOBAL Buffers                                                  ; Off                ; Off                ;
; Ignore LCELL Buffers                                                       ; Off                ; Off                ;
; Ignore SOFT Buffers                                                        ; On                 ; On                 ;
; Limit AHDL Integers to 32 Bits                                             ; Off                ; Off                ;
; Optimization Technique                                                     ; Balanced           ; Balanced           ;
; Carry Chain Length                                                         ; 70                 ; 70                 ;
; Auto Carry Chains                                                          ; On                 ; On                 ;
; Auto Open-Drain Pins                                                       ; On                 ; On                 ;
; Perform WYSIWYG Primitive Resynthesis                                      ; Off                ; Off                ;
; Auto ROM Replacement                                                       ; On                 ; On                 ;
; Auto RAM Replacement                                                       ; On                 ; On                 ;
; Auto DSP Block Replacement                                                 ; On                 ; On                 ;
; Auto Shift Register Replacement                                            ; Auto               ; Auto               ;
; Allow Shift Register Merging across Hierarchies                            ; Auto               ; Auto               ;
; Auto Clock Enable Replacement                                              ; On                 ; On                 ;
; Strict RAM Replacement                                                     ; Off                ; Off                ;
; Allow Synchronous Control Signals                                          ; On                 ; On                 ;
; Force Use of Synchronous Clear Signals                                     ; Off                ; Off                ;
; Auto RAM Block Balancing                                                   ; On                 ; On                 ;
; Auto RAM to Logic Cell Conversion                                          ; Off                ; Off                ;
; Auto Resource Sharing                                                      ; Off                ; Off                ;
; Allow Any RAM Size For Recognition                                         ; Off                ; Off                ;
; Allow Any ROM Size For Recognition                                         ; Off                ; Off                ;
; Allow Any Shift Register Size For Recognition                              ; Off                ; Off                ;
; Use LogicLock Constraints during Resource Balancing                        ; On                 ; On                 ;
; Ignore translate_off and synthesis_off directives                          ; Off                ; Off                ;
; Timing-Driven Synthesis                                                    ; On                 ; On                 ;
; Report Parameter Settings                                                  ; On                 ; On                 ;
; Report Source Assignments                                                  ; On                 ; On                 ;
; Report Connectivity Checks                                                 ; On                 ; On                 ;
; Ignore Maximum Fan-Out Assignments                                         ; Off                ; Off                ;
; Synchronization Register Chain Length                                      ; 2                  ; 2                  ;
; PowerPlay Power Optimization                                               ; Normal compilation ; Normal compilation ;
; HDL message level                                                          ; Level2             ; Level2             ;
; Suppress Register Optimization Related Messages                            ; Off                ; Off                ;
; Number of Removed Registers Reported in Synthesis Report                   ; 5000               ; 5000               ;
; Number of Swept Nodes Reported in Synthesis Report                         ; 5000               ; 5000               ;
; Number of Inverted Registers Reported in Synthesis Report                  ; 100                ; 100                ;
; Clock MUX Protection                                                       ; On                 ; On                 ;
; Auto Gated Clock Conversion                                                ; Off                ; Off                ;
; Block Design Naming                                                        ; Auto               ; Auto               ;
; SDC constraint protection                                                  ; Off                ; Off                ;
; Synthesis Effort                                                           ; Auto               ; Auto               ;
; Shift Register Replacement - Allow Asynchronous Clear Signal               ; On                 ; On                 ;
; Pre-Mapping Resynthesis Optimization                                       ; Off                ; Off                ;
; Analysis & Synthesis Message Level                                         ; Medium             ; Medium             ;
; Disable Register Merging Across Hierarchies                                ; Auto               ; Auto               ;
; Resource Aware Inference For Block RAM                                     ; On                 ; On                 ;
; Synthesis Seed                                                             ; 1                  ; 1                  ;
+----------------------------------------------------------------------------+--------------------+--------------------+


Parallel compilation was disabled, but you have multiple processors available. Enable parallel compilation to reduce compilation time.
+-------------------------------------+
; Parallel Compilation                ;
+----------------------------+--------+
; Processors                 ; Number ;
+----------------------------+--------+
; Number detected on machine ; 8      ;
; Maximum allowed            ; 1      ;
+----------------------------+--------+


+----------------------------------------------------------------------------------------------------------------------------------------------------------------+
; Analysis & Synthesis Source Files Read                                                                                                                         ;
+----------------------------------+-----------------+------------------------------+------------------------------------------------------------------+---------+
; File Name with User-Entered Path ; Used in Netlist ; File Type                    ; File Name with Absolute Path                                     ; Library ;
+----------------------------------+-----------------+------------------------------+------------------------------------------------------------------+---------+
; CLK_1HZ.v                        ; yes             ; User Verilog HDL File        ; F:/snake_game/CLK_1HZ.v                                          ;         ;
; CLK_100HZ.v                      ; yes             ; User Verilog HDL File        ; F:/snake_game/CLK_100HZ.v                                        ;         ;
; sound.v                          ; yes             ; User Verilog HDL File        ; F:/snake_game/sound.v                                            ;         ;
; DISPLAY_7SEG.v                   ; yes             ; User Verilog HDL File        ; F:/snake_game/DISPLAY_7SEG.v                                     ;         ;
; RNG.v                            ; yes             ; User Verilog HDL File        ; F:/snake_game/RNG.v                                              ;         ;
; TOP.v                            ; yes             ; User Verilog HDL File        ; F:/snake_game/TOP.v                                              ;         ;
; altsyncram.tdf                   ; yes             ; Megafunction                 ; d:/quartus/quartus/libraries/megafunctions/altsyncram.tdf        ;         ;
; stratix_ram_block.inc            ; yes             ; Megafunction                 ; d:/quartus/quartus/libraries/megafunctions/stratix_ram_block.inc ;         ;
; lpm_mux.inc                      ; yes             ; Megafunction                 ; d:/quartus/quartus/libraries/megafunctions/lpm_mux.inc           ;         ;
; lpm_decode.inc                   ; yes             ; Megafunction                 ; d:/quartus/quartus/libraries/megafunctions/lpm_decode.inc        ;         ;
; aglobal130.inc                   ; yes             ; Megafunction                 ; d:/quartus/quartus/libraries/megafunctions/aglobal130.inc        ;         ;
; a_rdenreg.inc                    ; yes             ; Megafunction                 ; d:/quartus/quartus/libraries/megafunctions/a_rdenreg.inc         ;         ;
; altrom.inc                       ; yes             ; Megafunction                 ; d:/quartus/quartus/libraries/megafunctions/altrom.inc            ;         ;
; altram.inc                       ; yes             ; Megafunction                 ; d:/quartus/quartus/libraries/megafunctions/altram.inc            ;         ;
; altdpram.inc                     ; yes             ; Megafunction                 ; d:/quartus/quartus/libraries/megafunctions/altdpram.inc          ;         ;
; db/altsyncram_3901.tdf           ; yes             ; Auto-Generated Megafunction  ; F:/snake_game/db/altsyncram_3901.tdf                             ;         ;
; lpm_divide.tdf                   ; yes             ; Megafunction                 ; d:/quartus/quartus/libraries/megafunctions/lpm_divide.tdf        ;         ;
; abs_divider.inc                  ; yes             ; Megafunction                 ; d:/quartus/quartus/libraries/megafunctions/abs_divider.inc       ;         ;
; sign_div_unsign.inc              ; yes             ; Megafunction                 ; d:/quartus/quartus/libraries/megafunctions/sign_div_unsign.inc   ;         ;
; db/lpm_divide_0jm.tdf            ; yes             ; Auto-Generated Megafunction  ; F:/snake_game/db/lpm_divide_0jm.tdf                              ;         ;
; db/sign_div_unsign_olh.tdf       ; yes             ; Auto-Generated Megafunction  ; F:/snake_game/db/sign_div_unsign_olh.tdf                         ;         ;
; db/alt_u_div_uaf.tdf             ; yes             ; Auto-Generated Megafunction  ; F:/snake_game/db/alt_u_div_uaf.tdf                               ;         ;
; db/add_sub_1tc.tdf               ; yes             ; Auto-Generated Megafunction  ; F:/snake_game/db/add_sub_1tc.tdf                                 ;         ;
; db/add_sub_2tc.tdf               ; yes             ; Auto-Generated Megafunction  ; F:/snake_game/db/add_sub_2tc.tdf                                 ;         ;
; db/lpm_divide_3bm.tdf            ; yes             ; Auto-Generated Megafunction  ; F:/snake_game/db/lpm_divide_3bm.tdf                              ;         ;
; db/lpm_divide_o9m.tdf            ; yes             ; Auto-Generated Megafunction  ; F:/snake_game/db/lpm_divide_o9m.tdf                              ;         ;
; db/sign_div_unsign_dkh.tdf       ; yes             ; Auto-Generated Megafunction  ; F:/snake_game/db/sign_div_unsign_dkh.tdf                         ;         ;
; db/alt_u_div_88f.tdf             ; yes             ; Auto-Generated Megafunction  ; F:/snake_game/db/alt_u_div_88f.tdf                               ;         ;
+----------------------------------+-----------------+------------------------------+------------------------------------------------------------------+---------+


+------------------------------------------------------------------+
; Analysis & Synthesis Resource Usage Summary                      ;
+---------------------------------------------+--------------------+
; Resource                                    ; Usage              ;
+---------------------------------------------+--------------------+
; Estimated Total logic elements              ; 2,626              ;
;                                             ;                    ;
; Total combinational functions               ; 1976               ;
; Logic element usage by number of LUT inputs ;                    ;
;     -- 4 input functions                    ; 1270               ;
;     -- 3 input functions                    ; 220                ;
;     -- <=2 input functions                  ; 486                ;
;                                             ;                    ;
; Logic elements by mode                      ;                    ;
;     -- normal mode                          ; 1625               ;
;     -- arithmetic mode                      ; 351                ;
;                                             ;                    ;
; Total registers                             ; 944                ;
;     -- Dedicated logic registers            ; 944                ;
;     -- I/O registers                        ; 0                  ;
;                                             ;                    ;
; I/O pins                                    ; 29                 ;
; Total memory bits                           ; 1792               ;
; Embedded Multiplier 9-bit elements          ; 0                  ;
; Maximum fan-out node                        ; CLK_1HZ:U1|clk_1hz ;
; Maximum fan-out                             ; 657                ;
; Total fan-out                               ; 8823               ;
; Average fan-out                             ; 2.96               ;
+---------------------------------------------+--------------------+


+---------------------------------------------------------------------------------------------------------------------------------------------------------------------------------------------------------------------------------------------------------------------------------------------+
; Analysis & Synthesis Resource Utilization by Entity                                                                                                                                                                                                                                         ;
+-------------------------------------------+-------------------+--------------+-------------+--------------+---------+-----------+------+--------------+----------------------------------------------------------------------------------------------------------------------+--------------+
; Compilation Hierarchy Node                ; LC Combinationals ; LC Registers ; Memory Bits ; DSP Elements ; DSP 9x9 ; DSP 18x18 ; Pins ; Virtual Pins ; Full Hierarchy Name                                                                                                  ; Library Name ;
+-------------------------------------------+-------------------+--------------+-------------+--------------+---------+-----------+------+--------------+----------------------------------------------------------------------------------------------------------------------+--------------+
; |TOP                                      ; 1976 (1442)       ; 944 (791)    ; 1792        ; 0            ; 0       ; 0         ; 29   ; 0            ; |TOP                                                                                                                 ; work         ;
;    |CLK_100HZ:U3|                         ; 45 (45)           ; 28 (28)      ; 0           ; 0            ; 0       ; 0         ; 0    ; 0            ; |TOP|CLK_100HZ:U3                                                                                                    ; work         ;
;    |CLK_1HZ:U1|                           ; 47 (47)           ; 28 (28)      ; 0           ; 0            ; 0       ; 0         ; 0    ; 0            ; |TOP|CLK_1HZ:U1                                                                                                      ; work         ;
;    |DISPLAY_7SEG:U2|                      ; 300 (32)          ; 30 (30)      ; 0           ; 0            ; 0       ; 0         ; 0    ; 0            ; |TOP|DISPLAY_7SEG:U2                                                                                                 ; work         ;
;       |lpm_divide:Div0|                   ; 134 (0)           ; 0 (0)        ; 0           ; 0            ; 0       ; 0         ; 0    ; 0            ; |TOP|DISPLAY_7SEG:U2|lpm_divide:Div0                                                                                 ; work         ;
;          |lpm_divide_0jm:auto_generated|  ; 134 (0)           ; 0 (0)        ; 0           ; 0            ; 0       ; 0         ; 0    ; 0            ; |TOP|DISPLAY_7SEG:U2|lpm_divide:Div0|lpm_divide_0jm:auto_generated                                                   ; work         ;
;             |sign_div_unsign_olh:divider| ; 134 (0)           ; 0 (0)        ; 0           ; 0            ; 0       ; 0         ; 0    ; 0            ; |TOP|DISPLAY_7SEG:U2|lpm_divide:Div0|lpm_divide_0jm:auto_generated|sign_div_unsign_olh:divider                       ; work         ;
;                |alt_u_div_uaf:divider|    ; 134 (134)         ; 0 (0)        ; 0           ; 0            ; 0       ; 0         ; 0    ; 0            ; |TOP|DISPLAY_7SEG:U2|lpm_divide:Div0|lpm_divide_0jm:auto_generated|sign_div_unsign_olh:divider|alt_u_div_uaf:divider ; work         ;
;       |lpm_divide:Mod0|                   ; 134 (0)           ; 0 (0)        ; 0           ; 0            ; 0       ; 0         ; 0    ; 0            ; |TOP|DISPLAY_7SEG:U2|lpm_divide:Mod0                                                                                 ; work         ;
;          |lpm_divide_3bm:auto_generated|  ; 134 (0)           ; 0 (0)        ; 0           ; 0            ; 0       ; 0         ; 0    ; 0            ; |TOP|DISPLAY_7SEG:U2|lpm_divide:Mod0|lpm_divide_3bm:auto_generated                                                   ; work         ;
;             |sign_div_unsign_olh:divider| ; 134 (0)           ; 0 (0)        ; 0           ; 0            ; 0       ; 0         ; 0    ; 0            ; |TOP|DISPLAY_7SEG:U2|lpm_divide:Mod0|lpm_divide_3bm:auto_generated|sign_div_unsign_olh:divider                       ; work         ;
;                |alt_u_div_uaf:divider|    ; 134 (134)         ; 0 (0)        ; 0           ; 0            ; 0       ; 0         ; 0    ; 0            ; |TOP|DISPLAY_7SEG:U2|lpm_divide:Mod0|lpm_divide_3bm:auto_generated|sign_div_unsign_olh:divider|alt_u_div_uaf:divider ; work         ;
;    |RNG:U5|                               ; 14 (7)            ; 10 (10)      ; 0           ; 0            ; 0       ; 0         ; 0    ; 0            ; |TOP|RNG:U5                                                                                                          ; work         ;
;       |lpm_divide:Mod0|                   ; 7 (0)             ; 0 (0)        ; 0           ; 0            ; 0       ; 0         ; 0    ; 0            ; |TOP|RNG:U5|lpm_divide:Mod0                                                                                          ; work         ;
;          |lpm_divide_o9m:auto_generated|  ; 7 (0)             ; 0 (0)        ; 0           ; 0            ; 0       ; 0         ; 0    ; 0            ; |TOP|RNG:U5|lpm_divide:Mod0|lpm_divide_o9m:auto_generated                                                            ; work         ;
;             |sign_div_unsign_dkh:divider| ; 7 (0)             ; 0 (0)        ; 0           ; 0            ; 0       ; 0         ; 0    ; 0            ; |TOP|RNG:U5|lpm_divide:Mod0|lpm_divide_o9m:auto_generated|sign_div_unsign_dkh:divider                                ; work         ;
;                |alt_u_div_88f:divider|    ; 7 (7)             ; 0 (0)        ; 0           ; 0            ; 0       ; 0         ; 0    ; 0            ; |TOP|RNG:U5|lpm_divide:Mod0|lpm_divide_o9m:auto_generated|sign_div_unsign_dkh:divider|alt_u_div_88f:divider          ; work         ;
;    |sound:U4|                             ; 128 (128)         ; 57 (57)      ; 1792        ; 0            ; 0       ; 0         ; 0    ; 0            ; |TOP|sound:U4                                                                                                        ; work         ;
;       |altsyncram:WideOr4_rtl_0|          ; 0 (0)             ; 0 (0)        ; 1792        ; 0            ; 0       ; 0         ; 0    ; 0            ; |TOP|sound:U4|altsyncram:WideOr4_rtl_0                                                                               ; work         ;
;          |altsyncram_3901:auto_generated| ; 0 (0)             ; 0 (0)        ; 1792        ; 0            ; 0       ; 0         ; 0    ; 0            ; |TOP|sound:U4|altsyncram:WideOr4_rtl_0|altsyncram_3901:auto_generated                                                ; work         ;
+-------------------------------------------+-------------------+--------------+-------------+--------------+---------+-----------+------+--------------+----------------------------------------------------------------------------------------------------------------------+--------------+
Note: For table entries with two numbers listed, the numbers in parentheses indicate the number of resources of the given type used by the specific entity alone. The numbers listed outside of parentheses indicate the total resources of the given type used by the specific entity and all of its sub-entities in the hierarchy.


+----------------------------------------------------------------------------------------------------------------------------------------------------------------------------------------+
; Analysis & Synthesis RAM Summary                                                                                                                                                       ;
+-----------------------------------------------------------------------------+------+------+--------------+--------------+--------------+--------------+------+-------------------------+
; Name                                                                        ; Type ; Mode ; Port A Depth ; Port A Width ; Port B Depth ; Port B Width ; Size ; MIF                     ;
+-----------------------------------------------------------------------------+------+------+--------------+--------------+--------------+--------------+------+-------------------------+
; sound:U4|altsyncram:WideOr4_rtl_0|altsyncram_3901:auto_generated|ALTSYNCRAM ; AUTO ; ROM  ; 256          ; 7            ; --           ; --           ; 1792 ; snake_game.TOP0.rtl.mif ;
+-----------------------------------------------------------------------------+------+------+--------------+--------------+--------------+--------------+------+-------------------------+


Encoding Type:  One-Hot
+------------------------------------------------------------------------------------------------------------------------------------------------------------------------------------------------------------------------------------------------------------------------------------------------------------------------------------+
; State Machine - |TOP|next                                                                                                                                                                                                                                                                                                          ;
+------------+------------+------------+------------+------------+------------+------------+------------+------------+------------+------------+------------+------------+------------+------------+------------+------------+------------+------------+------------+------------+------------+------------+------------+------------+
; Name       ; next.11000 ; next.10111 ; next.10110 ; next.10101 ; next.10100 ; next.10011 ; next.10010 ; next.10001 ; next.10000 ; next.01111 ; next.01110 ; next.01101 ; next.01100 ; next.01010 ; next.01001 ; next.01000 ; next.00111 ; next.00110 ; next.00101 ; next.00100 ; next.00011 ; next.00010 ; next.00001 ; next.00000 ;
+------------+------------+------------+------------+------------+------------+------------+------------+------------+------------+------------+------------+------------+------------+------------+------------+------------+------------+------------+------------+------------+------------+------------+------------+------------+
; next.00000 ; 0          ; 0          ; 0          ; 0          ; 0          ; 0          ; 0          ; 0          ; 0          ; 0          ; 0          ; 0          ; 0          ; 0          ; 0          ; 0          ; 0          ; 0          ; 0          ; 0          ; 0          ; 0          ; 0          ; 0          ;
; next.00001 ; 0          ; 0          ; 0          ; 0          ; 0          ; 0          ; 0          ; 0          ; 0          ; 0          ; 0          ; 0          ; 0          ; 0          ; 0          ; 0          ; 0          ; 0          ; 0          ; 0          ; 0          ; 0          ; 1          ; 1          ;
; next.00010 ; 0          ; 0          ; 0          ; 0          ; 0          ; 0          ; 0          ; 0          ; 0          ; 0          ; 0          ; 0          ; 0          ; 0          ; 0          ; 0          ; 0          ; 0          ; 0          ; 0          ; 0          ; 1          ; 0          ; 1          ;
; next.00011 ; 0          ; 0          ; 0          ; 0          ; 0          ; 0          ; 0          ; 0          ; 0          ; 0          ; 0          ; 0          ; 0          ; 0          ; 0          ; 0          ; 0          ; 0          ; 0          ; 0          ; 1          ; 0          ; 0          ; 1          ;
; next.00100 ; 0          ; 0          ; 0          ; 0          ; 0          ; 0          ; 0          ; 0          ; 0          ; 0          ; 0          ; 0          ; 0          ; 0          ; 0          ; 0          ; 0          ; 0          ; 0          ; 1          ; 0          ; 0          ; 0          ; 1          ;
; next.00101 ; 0          ; 0          ; 0          ; 0          ; 0          ; 0          ; 0          ; 0          ; 0          ; 0          ; 0          ; 0          ; 0          ; 0          ; 0          ; 0          ; 0          ; 0          ; 1          ; 0          ; 0          ; 0          ; 0          ; 1          ;
; next.00110 ; 0          ; 0          ; 0          ; 0          ; 0          ; 0          ; 0          ; 0          ; 0          ; 0          ; 0          ; 0          ; 0          ; 0          ; 0          ; 0          ; 0          ; 1          ; 0          ; 0          ; 0          ; 0          ; 0          ; 1          ;
; next.00111 ; 0          ; 0          ; 0          ; 0          ; 0          ; 0          ; 0          ; 0          ; 0          ; 0          ; 0          ; 0          ; 0          ; 0          ; 0          ; 0          ; 1          ; 0          ; 0          ; 0          ; 0          ; 0          ; 0          ; 1          ;
; next.01000 ; 0          ; 0          ; 0          ; 0          ; 0          ; 0          ; 0          ; 0          ; 0          ; 0          ; 0          ; 0          ; 0          ; 0          ; 0          ; 1          ; 0          ; 0          ; 0          ; 0          ; 0          ; 0          ; 0          ; 1          ;
; next.01001 ; 0          ; 0          ; 0          ; 0          ; 0          ; 0          ; 0          ; 0          ; 0          ; 0          ; 0          ; 0          ; 0          ; 0          ; 1          ; 0          ; 0          ; 0          ; 0          ; 0          ; 0          ; 0          ; 0          ; 1          ;
; next.01010 ; 0          ; 0          ; 0          ; 0          ; 0          ; 0          ; 0          ; 0          ; 0          ; 0          ; 0          ; 0          ; 0          ; 1          ; 0          ; 0          ; 0          ; 0          ; 0          ; 0          ; 0          ; 0          ; 0          ; 1          ;
; next.01100 ; 0          ; 0          ; 0          ; 0          ; 0          ; 0          ; 0          ; 0          ; 0          ; 0          ; 0          ; 0          ; 1          ; 0          ; 0          ; 0          ; 0          ; 0          ; 0          ; 0          ; 0          ; 0          ; 0          ; 1          ;
; next.01101 ; 0          ; 0          ; 0          ; 0          ; 0          ; 0          ; 0          ; 0          ; 0          ; 0          ; 0          ; 1          ; 0          ; 0          ; 0          ; 0          ; 0          ; 0          ; 0          ; 0          ; 0          ; 0          ; 0          ; 1          ;
; next.01110 ; 0          ; 0          ; 0          ; 0          ; 0          ; 0          ; 0          ; 0          ; 0          ; 0          ; 1          ; 0          ; 0          ; 0          ; 0          ; 0          ; 0          ; 0          ; 0          ; 0          ; 0          ; 0          ; 0          ; 1          ;
; next.01111 ; 0          ; 0          ; 0          ; 0          ; 0          ; 0          ; 0          ; 0          ; 0          ; 1          ; 0          ; 0          ; 0          ; 0          ; 0          ; 0          ; 0          ; 0          ; 0          ; 0          ; 0          ; 0          ; 0          ; 1          ;
; next.10000 ; 0          ; 0          ; 0          ; 0          ; 0          ; 0          ; 0          ; 0          ; 1          ; 0          ; 0          ; 0          ; 0          ; 0          ; 0          ; 0          ; 0          ; 0          ; 0          ; 0          ; 0          ; 0          ; 0          ; 1          ;
; next.10001 ; 0          ; 0          ; 0          ; 0          ; 0          ; 0          ; 0          ; 1          ; 0          ; 0          ; 0          ; 0          ; 0          ; 0          ; 0          ; 0          ; 0          ; 0          ; 0          ; 0          ; 0          ; 0          ; 0          ; 1          ;
; next.10010 ; 0          ; 0          ; 0          ; 0          ; 0          ; 0          ; 1          ; 0          ; 0          ; 0          ; 0          ; 0          ; 0          ; 0          ; 0          ; 0          ; 0          ; 0          ; 0          ; 0          ; 0          ; 0          ; 0          ; 1          ;
; next.10011 ; 0          ; 0          ; 0          ; 0          ; 0          ; 1          ; 0          ; 0          ; 0          ; 0          ; 0          ; 0          ; 0          ; 0          ; 0          ; 0          ; 0          ; 0          ; 0          ; 0          ; 0          ; 0          ; 0          ; 1          ;
; next.10100 ; 0          ; 0          ; 0          ; 0          ; 1          ; 0          ; 0          ; 0          ; 0          ; 0          ; 0          ; 0          ; 0          ; 0          ; 0          ; 0          ; 0          ; 0          ; 0          ; 0          ; 0          ; 0          ; 0          ; 1          ;
; next.10101 ; 0          ; 0          ; 0          ; 1          ; 0          ; 0          ; 0          ; 0          ; 0          ; 0          ; 0          ; 0          ; 0          ; 0          ; 0          ; 0          ; 0          ; 0          ; 0          ; 0          ; 0          ; 0          ; 0          ; 1          ;
; next.10110 ; 0          ; 0          ; 1          ; 0          ; 0          ; 0          ; 0          ; 0          ; 0          ; 0          ; 0          ; 0          ; 0          ; 0          ; 0          ; 0          ; 0          ; 0          ; 0          ; 0          ; 0          ; 0          ; 0          ; 1          ;
; next.10111 ; 0          ; 1          ; 0          ; 0          ; 0          ; 0          ; 0          ; 0          ; 0          ; 0          ; 0          ; 0          ; 0          ; 0          ; 0          ; 0          ; 0          ; 0          ; 0          ; 0          ; 0          ; 0          ; 0          ; 1          ;
; next.11000 ; 1          ; 0          ; 0          ; 0          ; 0          ; 0          ; 0          ; 0          ; 0          ; 0          ; 0          ; 0          ; 0          ; 0          ; 0          ; 0          ; 0          ; 0          ; 0          ; 0          ; 0          ; 0          ; 0          ; 1          ;
+------------+------------+------------+------------+------------+------------+------------+------------+------------+------------+------------+------------+------------+------------+------------+------------+------------+------------+------------+------------+------------+------------+------------+------------+------------+


Encoding Type:  One-Hot
+---------------------------------------------------------------------------------------------------------------------------------------------------------------------------------------------------------------------------------------------------------------------------------------------------------------------------------------------------------------------------------------------------------------+
; State Machine - |TOP|current                                                                                                                                                                                                                                                                                                                                                                                  ;
+---------------+---------------+---------------+---------------+---------------+---------------+---------------+---------------+---------------+---------------+---------------+---------------+---------------+---------------+---------------+---------------+---------------+---------------+---------------+---------------+---------------+---------------+---------------+---------------+---------------+
; Name          ; current.11000 ; current.10111 ; current.10110 ; current.10101 ; current.10100 ; current.10011 ; current.10010 ; current.10001 ; current.10000 ; current.01111 ; current.01110 ; current.01101 ; current.01100 ; current.01010 ; current.01001 ; current.01000 ; current.00111 ; current.00110 ; current.00101 ; current.00100 ; current.00011 ; current.00010 ; current.00001 ; current.00000 ;
+---------------+---------------+---------------+---------------+---------------+---------------+---------------+---------------+---------------+---------------+---------------+---------------+---------------+---------------+---------------+---------------+---------------+---------------+---------------+---------------+---------------+---------------+---------------+---------------+---------------+
; current.00000 ; 0             ; 0             ; 0             ; 0             ; 0             ; 0             ; 0             ; 0             ; 0             ; 0             ; 0             ; 0             ; 0             ; 0             ; 0             ; 0             ; 0             ; 0             ; 0             ; 0             ; 0             ; 0             ; 0             ; 0             ;
; current.00001 ; 0             ; 0             ; 0             ; 0             ; 0             ; 0             ; 0             ; 0             ; 0             ; 0             ; 0             ; 0             ; 0             ; 0             ; 0             ; 0             ; 0             ; 0             ; 0             ; 0             ; 0             ; 0             ; 1             ; 1             ;
; current.00010 ; 0             ; 0             ; 0             ; 0             ; 0             ; 0             ; 0             ; 0             ; 0             ; 0             ; 0             ; 0             ; 0             ; 0             ; 0             ; 0             ; 0             ; 0             ; 0             ; 0             ; 0             ; 1             ; 0             ; 1             ;
; current.00011 ; 0             ; 0             ; 0             ; 0             ; 0             ; 0             ; 0             ; 0             ; 0             ; 0             ; 0             ; 0             ; 0             ; 0             ; 0             ; 0             ; 0             ; 0             ; 0             ; 0             ; 1             ; 0             ; 0             ; 1             ;
; current.00100 ; 0             ; 0             ; 0             ; 0             ; 0             ; 0             ; 0             ; 0             ; 0             ; 0             ; 0             ; 0             ; 0             ; 0             ; 0             ; 0             ; 0             ; 0             ; 0             ; 1             ; 0             ; 0             ; 0             ; 1             ;
; current.00101 ; 0             ; 0             ; 0             ; 0             ; 0             ; 0             ; 0             ; 0             ; 0             ; 0             ; 0             ; 0             ; 0             ; 0             ; 0             ; 0             ; 0             ; 0             ; 1             ; 0             ; 0             ; 0             ; 0             ; 1             ;
; current.00110 ; 0             ; 0             ; 0             ; 0             ; 0             ; 0             ; 0             ; 0             ; 0             ; 0             ; 0             ; 0             ; 0             ; 0             ; 0             ; 0             ; 0             ; 1             ; 0             ; 0             ; 0             ; 0             ; 0             ; 1             ;
; current.00111 ; 0             ; 0             ; 0             ; 0             ; 0             ; 0             ; 0             ; 0             ; 0             ; 0             ; 0             ; 0             ; 0             ; 0             ; 0             ; 0             ; 1             ; 0             ; 0             ; 0             ; 0             ; 0             ; 0             ; 1             ;
; current.01000 ; 0             ; 0             ; 0             ; 0             ; 0             ; 0             ; 0             ; 0             ; 0             ; 0             ; 0             ; 0             ; 0             ; 0             ; 0             ; 1             ; 0             ; 0             ; 0             ; 0             ; 0             ; 0             ; 0             ; 1             ;
; current.01001 ; 0             ; 0             ; 0             ; 0             ; 0             ; 0             ; 0             ; 0             ; 0             ; 0             ; 0             ; 0             ; 0             ; 0             ; 1             ; 0             ; 0             ; 0             ; 0             ; 0             ; 0             ; 0             ; 0             ; 1             ;
; current.01010 ; 0             ; 0             ; 0             ; 0             ; 0             ; 0             ; 0             ; 0             ; 0             ; 0             ; 0             ; 0             ; 0             ; 1             ; 0             ; 0             ; 0             ; 0             ; 0             ; 0             ; 0             ; 0             ; 0             ; 1             ;
; current.01100 ; 0             ; 0             ; 0             ; 0             ; 0             ; 0             ; 0             ; 0             ; 0             ; 0             ; 0             ; 0             ; 1             ; 0             ; 0             ; 0             ; 0             ; 0             ; 0             ; 0             ; 0             ; 0             ; 0             ; 1             ;
; current.01101 ; 0             ; 0             ; 0             ; 0             ; 0             ; 0             ; 0             ; 0             ; 0             ; 0             ; 0             ; 1             ; 0             ; 0             ; 0             ; 0             ; 0             ; 0             ; 0             ; 0             ; 0             ; 0             ; 0             ; 1             ;
; current.01110 ; 0             ; 0             ; 0             ; 0             ; 0             ; 0             ; 0             ; 0             ; 0             ; 0             ; 1             ; 0             ; 0             ; 0             ; 0             ; 0             ; 0             ; 0             ; 0             ; 0             ; 0             ; 0             ; 0             ; 1             ;
; current.01111 ; 0             ; 0             ; 0             ; 0             ; 0             ; 0             ; 0             ; 0             ; 0             ; 1             ; 0             ; 0             ; 0             ; 0             ; 0             ; 0             ; 0             ; 0             ; 0             ; 0             ; 0             ; 0             ; 0             ; 1             ;
; current.10000 ; 0             ; 0             ; 0             ; 0             ; 0             ; 0             ; 0             ; 0             ; 1             ; 0             ; 0             ; 0             ; 0             ; 0             ; 0             ; 0             ; 0             ; 0             ; 0             ; 0             ; 0             ; 0             ; 0             ; 1             ;
; current.10001 ; 0             ; 0             ; 0             ; 0             ; 0             ; 0             ; 0             ; 1             ; 0             ; 0             ; 0             ; 0             ; 0             ; 0             ; 0             ; 0             ; 0             ; 0             ; 0             ; 0             ; 0             ; 0             ; 0             ; 1             ;
; current.10010 ; 0             ; 0             ; 0             ; 0             ; 0             ; 0             ; 1             ; 0             ; 0             ; 0             ; 0             ; 0             ; 0             ; 0             ; 0             ; 0             ; 0             ; 0             ; 0             ; 0             ; 0             ; 0             ; 0             ; 1             ;
; current.10011 ; 0             ; 0             ; 0             ; 0             ; 0             ; 1             ; 0             ; 0             ; 0             ; 0             ; 0             ; 0             ; 0             ; 0             ; 0             ; 0             ; 0             ; 0             ; 0             ; 0             ; 0             ; 0             ; 0             ; 1             ;
; current.10100 ; 0             ; 0             ; 0             ; 0             ; 1             ; 0             ; 0             ; 0             ; 0             ; 0             ; 0             ; 0             ; 0             ; 0             ; 0             ; 0             ; 0             ; 0             ; 0             ; 0             ; 0             ; 0             ; 0             ; 1             ;
; current.10101 ; 0             ; 0             ; 0             ; 1             ; 0             ; 0             ; 0             ; 0             ; 0             ; 0             ; 0             ; 0             ; 0             ; 0             ; 0             ; 0             ; 0             ; 0             ; 0             ; 0             ; 0             ; 0             ; 0             ; 1             ;
; current.10110 ; 0             ; 0             ; 1             ; 0             ; 0             ; 0             ; 0             ; 0             ; 0             ; 0             ; 0             ; 0             ; 0             ; 0             ; 0             ; 0             ; 0             ; 0             ; 0             ; 0             ; 0             ; 0             ; 0             ; 1             ;
; current.10111 ; 0             ; 1             ; 0             ; 0             ; 0             ; 0             ; 0             ; 0             ; 0             ; 0             ; 0             ; 0             ; 0             ; 0             ; 0             ; 0             ; 0             ; 0             ; 0             ; 0             ; 0             ; 0             ; 0             ; 1             ;
; current.11000 ; 1             ; 0             ; 0             ; 0             ; 0             ; 0             ; 0             ; 0             ; 0             ; 0             ; 0             ; 0             ; 0             ; 0             ; 0             ; 0             ; 0             ; 0             ; 0             ; 0             ; 0             ; 0             ; 0             ; 1             ;
+---------------+---------------+---------------+---------------+---------------+---------------+---------------+---------------+---------------+---------------+---------------+---------------+---------------+---------------+---------------+---------------+---------------+---------------+---------------+---------------+---------------+---------------+---------------+---------------+---------------+


Encoding Type:  One-Hot
+-----------------------------------------------------------------------------------------------------------------------+
; State Machine - |TOP|wall                                                                                             ;
+-----------+-----------+-----------+-----------+-----------+-----------+-----------+-----------+-----------+-----------+
; Name      ; wall.0111 ; wall.0110 ; wall.0101 ; wall.0100 ; wall.0011 ; wall.0010 ; wall.0001 ; wall.0000 ; wall.1000 ;
+-----------+-----------+-----------+-----------+-----------+-----------+-----------+-----------+-----------+-----------+
; wall.0000 ; 0         ; 0         ; 0         ; 0         ; 0         ; 0         ; 0         ; 0         ; 0         ;
; wall.0001 ; 0         ; 0         ; 0         ; 0         ; 0         ; 0         ; 1         ; 1         ; 0         ;
; wall.0010 ; 0         ; 0         ; 0         ; 0         ; 0         ; 1         ; 0         ; 1         ; 0         ;
; wall.0011 ; 0         ; 0         ; 0         ; 0         ; 1         ; 0         ; 0         ; 1         ; 0         ;
; wall.0100 ; 0         ; 0         ; 0         ; 1         ; 0         ; 0         ; 0         ; 1         ; 0         ;
; wall.0101 ; 0         ; 0         ; 1         ; 0         ; 0         ; 0         ; 0         ; 1         ; 0         ;
; wall.0110 ; 0         ; 1         ; 0         ; 0         ; 0         ; 0         ; 0         ; 1         ; 0         ;
; wall.0111 ; 1         ; 0         ; 0         ; 0         ; 0         ; 0         ; 0         ; 1         ; 0         ;
; wall.1000 ; 0         ; 0         ; 0         ; 0         ; 0         ; 0         ; 0         ; 1         ; 1         ;
+-----------+-----------+-----------+-----------+-----------+-----------+-----------+-----------+-----------+-----------+


Encoding Type:  One-Hot
+--------------------------------------------+
; State Machine - |TOP|dir                   ;
+--------+--------+--------+--------+--------+
; Name   ; dir.11 ; dir.10 ; dir.01 ; dir.00 ;
+--------+--------+--------+--------+--------+
; dir.00 ; 0      ; 0      ; 0      ; 0      ;
; dir.01 ; 0      ; 0      ; 1      ; 1      ;
; dir.10 ; 0      ; 1      ; 0      ; 1      ;
; dir.11 ; 1      ; 0      ; 0      ; 1      ;
+--------+--------+--------+--------+--------+


+---------------------------------------------------------------------------------+
; Registers Removed During Synthesis                                              ;
+----------------------------------------+----------------------------------------+
; Register name                          ; Reason for Removal                     ;
+----------------------------------------+----------------------------------------+
; DISPLAY_7SEG:U2|an[2,3]                ; Stuck at VCC due to stuck port data_in ;
; sound:U4|count_end[4]                  ; Merged with sound:U4|count_end[8]      ;
; current.00000                          ; Lost fanout                            ;
; current.00001                          ; Lost fanout                            ;
; current.00010                          ; Lost fanout                            ;
; current.00011                          ; Lost fanout                            ;
; current.00100                          ; Lost fanout                            ;
; current.00101                          ; Lost fanout                            ;
; current.00110                          ; Lost fanout                            ;
; current.00111                          ; Lost fanout                            ;
; current.01000                          ; Lost fanout                            ;
; current.01001                          ; Lost fanout                            ;
; current.01010                          ; Lost fanout                            ;
; current.01100                          ; Lost fanout                            ;
; current.01101                          ; Lost fanout                            ;
; current.01110                          ; Lost fanout                            ;
; current.01111                          ; Lost fanout                            ;
; current.10000                          ; Lost fanout                            ;
; current.10001                          ; Lost fanout                            ;
; current.10010                          ; Lost fanout                            ;
; current.10011                          ; Lost fanout                            ;
; current.10100                          ; Lost fanout                            ;
; current.10101                          ; Lost fanout                            ;
; current.10110                          ; Lost fanout                            ;
; current.10111                          ; Lost fanout                            ;
; current.11000                          ; Lost fanout                            ;
; next~2                                 ; Lost fanout                            ;
; next~3                                 ; Lost fanout                            ;
; next~4                                 ; Lost fanout                            ;
; next~5                                 ; Lost fanout                            ;
; next~6                                 ; Lost fanout                            ;
; current~2                              ; Lost fanout                            ;
; current~3                              ; Lost fanout                            ;
; current~4                              ; Lost fanout                            ;
; current~5                              ; Lost fanout                            ;
; current~6                              ; Lost fanout                            ;
; wall~2                                 ; Lost fanout                            ;
; wall~3                                 ; Lost fanout                            ;
; wall~4                                 ; Lost fanout                            ;
; dir~6                                  ; Lost fanout                            ;
; dir~7                                  ; Lost fanout                            ;
; RNG:U5|random[1]                       ; Merged with RNG:U5|rnd[0]              ;
; RNG:U5|random[2]                       ; Merged with RNG:U5|rnd[1]              ;
; RNG:U5|random[3]                       ; Merged with RNG:U5|rnd[2]              ;
; RNG:U5|random[4]                       ; Merged with RNG:U5|rnd[3]              ;
; Total Number of Removed Registers = 46 ;                                        ;
+----------------------------------------+----------------------------------------+


+------------------------------------------------------+
; General Register Statistics                          ;
+----------------------------------------------+-------+
; Statistic                                    ; Value ;
+----------------------------------------------+-------+
; Total registers                              ; 944   ;
; Number of registers using Synchronous Clear  ; 104   ;
; Number of registers using Synchronous Load   ; 0     ;
; Number of registers using Asynchronous Clear ; 0     ;
; Number of registers using Asynchronous Load  ; 0     ;
; Number of registers using Clock Enable       ; 82    ;
; Number of registers using Preset             ; 0     ;
+----------------------------------------------+-------+


+-----------------------------------------------------+
; Inverted Register Statistics                        ;
+-------------------------------------------+---------+
; Inverted Register                         ; Fan out ;
+-------------------------------------------+---------+
; arr1[74][0]                               ; 3       ;
; arr1[73][0]                               ; 3       ;
; arr1[72][0]                               ; 3       ;
; arr1[75][0]                               ; 3       ;
; arr1[69][0]                               ; 3       ;
; arr1[70][0]                               ; 3       ;
; arr1[68][0]                               ; 3       ;
; arr1[71][0]                               ; 3       ;
; arr1[66][0]                               ; 3       ;
; arr1[65][0]                               ; 3       ;
; arr1[64][0]                               ; 3       ;
; arr1[67][0]                               ; 3       ;
; arr1[77][0]                               ; 3       ;
; arr1[78][0]                               ; 3       ;
; arr1[76][0]                               ; 3       ;
; arr1[79][0]                               ; 1       ;
; arr1[42][0]                               ; 3       ;
; arr1[26][0]                               ; 3       ;
; arr1[10][0]                               ; 3       ;
; arr1[58][0]                               ; 3       ;
; arr1[22][0]                               ; 3       ;
; arr1[38][0]                               ; 3       ;
; arr1[6][0]                                ; 3       ;
; arr1[54][0]                               ; 3       ;
; arr1[34][0]                               ; 3       ;
; arr1[18][0]                               ; 3       ;
; arr1[2][0]                                ; 3       ;
; arr1[50][0]                               ; 3       ;
; arr1[30][0]                               ; 3       ;
; arr1[46][0]                               ; 3       ;
; arr1[14][0]                               ; 3       ;
; arr1[62][0]                               ; 3       ;
; arr1[21][0]                               ; 3       ;
; arr1[37][0]                               ; 3       ;
; arr1[5][0]                                ; 3       ;
; arr1[53][0]                               ; 3       ;
; arr1[41][0]                               ; 3       ;
; arr1[25][0]                               ; 3       ;
; arr1[9][0]                                ; 3       ;
; arr1[57][0]                               ; 3       ;
; arr1[33][0]                               ; 3       ;
; arr1[17][0]                               ; 3       ;
; arr1[1][0]                                ; 3       ;
; arr1[49][0]                               ; 3       ;
; arr1[29][0]                               ; 3       ;
; arr1[45][0]                               ; 3       ;
; arr1[13][0]                               ; 3       ;
; arr1[61][0]                               ; 3       ;
; arr1[40][0]                               ; 3       ;
; arr1[24][0]                               ; 3       ;
; arr1[8][0]                                ; 3       ;
; arr1[56][0]                               ; 3       ;
; arr1[20][0]                               ; 3       ;
; arr1[36][0]                               ; 3       ;
; arr1[4][0]                                ; 3       ;
; arr1[52][0]                               ; 3       ;
; arr1[32][0]                               ; 3       ;
; arr1[16][0]                               ; 3       ;
; arr1[0][0]                                ; 2       ;
; arr1[48][0]                               ; 3       ;
; arr1[28][0]                               ; 3       ;
; arr1[44][0]                               ; 3       ;
; arr1[12][0]                               ; 3       ;
; arr1[60][0]                               ; 3       ;
; arr1[39][0]                               ; 3       ;
; arr1[43][0]                               ; 3       ;
; arr1[35][0]                               ; 3       ;
; arr1[47][0]                               ; 3       ;
; arr1[27][0]                               ; 3       ;
; arr1[23][0]                               ; 3       ;
; arr1[19][0]                               ; 3       ;
; arr1[31][0]                               ; 3       ;
; arr1[7][0]                                ; 3       ;
; arr1[11][0]                               ; 3       ;
; arr1[3][0]                                ; 3       ;
; arr1[15][0]                               ; 3       ;
; arr1[59][0]                               ; 3       ;
; arr1[55][0]                               ; 3       ;
; arr1[51][0]                               ; 3       ;
; arr1[63][0]                               ; 3       ;
; arr1[70][1]                               ; 3       ;
; arr1[74][1]                               ; 3       ;
; arr1[66][1]                               ; 3       ;
; arr1[78][1]                               ; 3       ;
; arr1[73][1]                               ; 3       ;
; arr1[69][1]                               ; 3       ;
; arr1[65][1]                               ; 3       ;
; arr1[77][1]                               ; 3       ;
; arr1[68][1]                               ; 3       ;
; arr1[72][1]                               ; 3       ;
; arr1[64][1]                               ; 3       ;
; arr1[76][1]                               ; 3       ;
; arr1[75][1]                               ; 3       ;
; arr1[71][1]                               ; 3       ;
; arr1[67][1]                               ; 3       ;
; arr1[79][1]                               ; 1       ;
; arr1[26][1]                               ; 3       ;
; arr1[42][1]                               ; 3       ;
; arr1[10][1]                               ; 3       ;
; arr1[58][1]                               ; 3       ;
; Total number of inverted registers = 644* ;         ;
+-------------------------------------------+---------+
* Table truncated at 100 items. To change the number of inverted registers reported, set the "Number of Inverted Registers Reported" option under Assignments->Settings->Analysis and Synthesis Settings->More Settings


+---------------------------------------------------------------------+
; Registers Packed Into Inferred Megafunctions                        ;
+-------------------------------------+------------------------+------+
; Register Name                       ; Megafunction           ; Type ;
+-------------------------------------+------------------------+------+
; sound:U4|count_end[0,2,3,7,9,11,15] ; sound:U4|WideOr4_rtl_0 ; ROM  ;
+-------------------------------------+------------------------+------+


+------------------------------------------------------------------------------------------------------------------------------------------+
; Multiplexer Restructuring Statistics (Restructuring Performed)                                                                           ;
+--------------------+-----------+---------------+----------------------+------------------------+------------+----------------------------+
; Multiplexer Inputs ; Bus Width ; Baseline Area ; Area if Restructured ; Saving if Restructured ; Registered ; Example Multiplexer Output ;
+--------------------+-----------+---------------+----------------------+------------------------+------------+----------------------------+
; 5:1                ; 32 bits   ; 96 LEs        ; 32 LEs               ; 64 LEs                 ; Yes        ; |TOP|m[11]                 ;
; 9:1                ; 2 bits    ; 12 LEs        ; 4 LEs                ; 8 LEs                  ; Yes        ; |TOP|x[1]                  ;
; 36:1               ; 6 bits    ; 144 LEs       ; 30 LEs               ; 114 LEs                ; Yes        ; |TOP|x[7]                  ;
; 5:1                ; 4 bits    ; 12 LEs        ; 12 LEs               ; 0 LEs                  ; No         ; |TOP|dir                   ;
; 8:1                ; 2 bits    ; 10 LEs        ; 2 LEs                ; 8 LEs                  ; No         ; |TOP|wall                  ;
+--------------------+-----------+---------------+----------------------+------------------------+------------+----------------------------+


+-----------------------------------------------------------------------------------------+
; Source assignments for sound:U4|altsyncram:WideOr4_rtl_0|altsyncram_3901:auto_generated ;
+---------------------------------+--------------------+------+---------------------------+
; Assignment                      ; Value              ; From ; To                        ;
+---------------------------------+--------------------+------+---------------------------+
; OPTIMIZE_POWER_DURING_SYNTHESIS ; NORMAL_COMPILATION ; -    ; -                         ;
+---------------------------------+--------------------+------+---------------------------+


+-------------------------------------------------------+
; Parameter Settings for User Entity Instance: sound:U4 ;
+----------------+------------------+-------------------+
; Parameter Name ; Value            ; Type              ;
+----------------+------------------+-------------------+
; C4             ; 0111010101110010 ; Unsigned Binary   ;
; D4             ; 0100110010001011 ; Unsigned Binary   ;
; E4             ; 0010100000000101 ; Unsigned Binary   ;
; F4             ; 0001011111010001 ; Unsigned Binary   ;
; G4             ; 1111100100011111 ; Unsigned Binary   ;
; A4             ; 1101110111110010 ; Unsigned Binary   ;
; A4s            ; 1101000101111101 ; Unsigned Binary   ;
; C5             ; 1011101010100010 ; Unsigned Binary   ;
; TIME           ; 10000000         ; Signed Integer    ;
+----------------+------------------+-------------------+
Note: In order to hide this table in the UI and the text report file, please set the "Show Parameter Settings in Synthesis Report" option in "Analysis and Synthesis Settings -> More Settings" to "Off".


+------------------------------------------------------------------------------------+
; Parameter Settings for Inferred Entity Instance: sound:U4|altsyncram:WideOr4_rtl_0 ;
+------------------------------------+-------------------------+---------------------+
; Parameter Name                     ; Value                   ; Type                ;
+------------------------------------+-------------------------+---------------------+
; BYTE_SIZE_BLOCK                    ; 8                       ; Untyped             ;
; AUTO_CARRY_CHAINS                  ; ON                      ; AUTO_CARRY          ;
; IGNORE_CARRY_BUFFERS               ; OFF                     ; IGNORE_CARRY        ;
; AUTO_CASCADE_CHAINS                ; ON                      ; AUTO_CASCADE        ;
; IGNORE_CASCADE_BUFFERS             ; OFF                     ; IGNORE_CASCADE      ;
; WIDTH_BYTEENA                      ; 1                       ; Untyped             ;
; OPERATION_MODE                     ; ROM                     ; Untyped             ;
; WIDTH_A                            ; 7                       ; Untyped             ;
; WIDTHAD_A                          ; 8                       ; Untyped             ;
; NUMWORDS_A                         ; 256                     ; Untyped             ;
; OUTDATA_REG_A                      ; UNREGISTERED            ; Untyped             ;
; ADDRESS_ACLR_A                     ; NONE                    ; Untyped             ;
; OUTDATA_ACLR_A                     ; NONE                    ; Untyped             ;
; WRCONTROL_ACLR_A                   ; NONE                    ; Untyped             ;
; INDATA_ACLR_A                      ; NONE                    ; Untyped             ;
; BYTEENA_ACLR_A                     ; NONE                    ; Untyped             ;
; WIDTH_B                            ; 1                       ; Untyped             ;
; WIDTHAD_B                          ; 1                       ; Untyped             ;
; NUMWORDS_B                         ; 1                       ; Untyped             ;
; INDATA_REG_B                       ; CLOCK1                  ; Untyped             ;
; WRCONTROL_WRADDRESS_REG_B          ; CLOCK1                  ; Untyped             ;
; RDCONTROL_REG_B                    ; CLOCK1                  ; Untyped             ;
; ADDRESS_REG_B                      ; CLOCK1                  ; Untyped             ;
; OUTDATA_REG_B                      ; UNREGISTERED            ; Untyped             ;
; BYTEENA_REG_B                      ; CLOCK1                  ; Untyped             ;
; INDATA_ACLR_B                      ; NONE                    ; Untyped             ;
; WRCONTROL_ACLR_B                   ; NONE                    ; Untyped             ;
; ADDRESS_ACLR_B                     ; NONE                    ; Untyped             ;
; OUTDATA_ACLR_B                     ; NONE                    ; Untyped             ;
; RDCONTROL_ACLR_B                   ; NONE                    ; Untyped             ;
; BYTEENA_ACLR_B                     ; NONE                    ; Untyped             ;
; WIDTH_BYTEENA_A                    ; 1                       ; Untyped             ;
; WIDTH_BYTEENA_B                    ; 1                       ; Untyped             ;
; RAM_BLOCK_TYPE                     ; AUTO                    ; Untyped             ;
; BYTE_SIZE                          ; 8                       ; Untyped             ;
; READ_DURING_WRITE_MODE_MIXED_PORTS ; DONT_CARE               ; Untyped             ;
; READ_DURING_WRITE_MODE_PORT_A      ; NEW_DATA_NO_NBE_READ    ; Untyped             ;
; READ_DURING_WRITE_MODE_PORT_B      ; NEW_DATA_NO_NBE_READ    ; Untyped             ;
; INIT_FILE                          ; snake_game.TOP0.rtl.mif ; Untyped             ;
; INIT_FILE_LAYOUT                   ; PORT_A                  ; Untyped             ;
; MAXIMUM_DEPTH                      ; 0                       ; Untyped             ;
; CLOCK_ENABLE_INPUT_A               ; NORMAL                  ; Untyped             ;
; CLOCK_ENABLE_INPUT_B               ; NORMAL                  ; Untyped             ;
; CLOCK_ENABLE_OUTPUT_A              ; NORMAL                  ; Untyped             ;
; CLOCK_ENABLE_OUTPUT_B              ; NORMAL                  ; Untyped             ;
; CLOCK_ENABLE_CORE_A                ; USE_INPUT_CLKEN         ; Untyped             ;
; CLOCK_ENABLE_CORE_B                ; USE_INPUT_CLKEN         ; Untyped             ;
; ENABLE_ECC                         ; FALSE                   ; Untyped             ;
; ECC_PIPELINE_STAGE_ENABLED         ; FALSE                   ; Untyped             ;
; WIDTH_ECCSTATUS                    ; 3                       ; Untyped             ;
; DEVICE_FAMILY                      ; Cyclone IV E            ; Untyped             ;
; CBXI_PARAMETER                     ; altsyncram_3901         ; Untyped             ;
+------------------------------------+-------------------------+---------------------+
Note: In order to hide this table in the UI and the text report file, please set the "Show Parameter Settings in Synthesis Report" option in "Analysis and Synthesis Settings -> More Settings" to "Off".


+----------------------------------------------------------------------------------+
; Parameter Settings for Inferred Entity Instance: DISPLAY_7SEG:U2|lpm_divide:Div0 ;
+------------------------+----------------+----------------------------------------+
; Parameter Name         ; Value          ; Type                                   ;
+------------------------+----------------+----------------------------------------+
; LPM_WIDTHN             ; 14             ; Untyped                                ;
; LPM_WIDTHD             ; 4              ; Untyped                                ;
; LPM_NREPRESENTATION    ; UNSIGNED       ; Untyped                                ;
; LPM_DREPRESENTATION    ; UNSIGNED       ; Untyped                                ;
; LPM_PIPELINE           ; 0              ; Untyped                                ;
; LPM_REMAINDERPOSITIVE  ; TRUE           ; Untyped                                ;
; MAXIMIZE_SPEED         ; 5              ; Untyped                                ;
; CBXI_PARAMETER         ; lpm_divide_0jm ; Untyped                                ;
; CARRY_CHAIN            ; MANUAL         ; Untyped                                ;
; OPTIMIZE_FOR_SPEED     ; 5              ; Untyped                                ;
; AUTO_CARRY_CHAINS      ; ON             ; AUTO_CARRY                             ;
; IGNORE_CARRY_BUFFERS   ; OFF            ; IGNORE_CARRY                           ;
; AUTO_CASCADE_CHAINS    ; ON             ; AUTO_CASCADE                           ;
; IGNORE_CASCADE_BUFFERS ; OFF            ; IGNORE_CASCADE                         ;
+------------------------+----------------+----------------------------------------+
Note: In order to hide this table in the UI and the text report file, please set the "Show Parameter Settings in Synthesis Report" option in "Analysis and Synthesis Settings -> More Settings" to "Off".


+----------------------------------------------------------------------------------+
; Parameter Settings for Inferred Entity Instance: DISPLAY_7SEG:U2|lpm_divide:Mod0 ;
+------------------------+----------------+----------------------------------------+
; Parameter Name         ; Value          ; Type                                   ;
+------------------------+----------------+----------------------------------------+
; LPM_WIDTHN             ; 14             ; Untyped                                ;
; LPM_WIDTHD             ; 4              ; Untyped                                ;
; LPM_NREPRESENTATION    ; UNSIGNED       ; Untyped                                ;
; LPM_DREPRESENTATION    ; UNSIGNED       ; Untyped                                ;
; LPM_PIPELINE           ; 0              ; Untyped                                ;
; LPM_REMAINDERPOSITIVE  ; TRUE           ; Untyped                                ;
; MAXIMIZE_SPEED         ; 5              ; Untyped                                ;
; CBXI_PARAMETER         ; lpm_divide_3bm ; Untyped                                ;
; CARRY_CHAIN            ; MANUAL         ; Untyped                                ;
; OPTIMIZE_FOR_SPEED     ; 5              ; Untyped                                ;
; AUTO_CARRY_CHAINS      ; ON             ; AUTO_CARRY                             ;
; IGNORE_CARRY_BUFFERS   ; OFF            ; IGNORE_CARRY                           ;
; AUTO_CASCADE_CHAINS    ; ON             ; AUTO_CASCADE                           ;
; IGNORE_CASCADE_BUFFERS ; OFF            ; IGNORE_CASCADE                         ;
+------------------------+----------------+----------------------------------------+
Note: In order to hide this table in the UI and the text report file, please set the "Show Parameter Settings in Synthesis Report" option in "Analysis and Synthesis Settings -> More Settings" to "Off".


+-------------------------------------------------------------------------+
; Parameter Settings for Inferred Entity Instance: RNG:U5|lpm_divide:Mod0 ;
+------------------------+----------------+-------------------------------+
; Parameter Name         ; Value          ; Type                          ;
+------------------------+----------------+-------------------------------+
; LPM_WIDTHN             ; 7              ; Untyped                       ;
; LPM_WIDTHD             ; 7              ; Untyped                       ;
; LPM_NREPRESENTATION    ; UNSIGNED       ; Untyped                       ;
; LPM_DREPRESENTATION    ; UNSIGNED       ; Untyped                       ;
; LPM_PIPELINE           ; 0              ; Untyped                       ;
; LPM_REMAINDERPOSITIVE  ; TRUE           ; Untyped                       ;
; MAXIMIZE_SPEED         ; 5              ; Untyped                       ;
; CBXI_PARAMETER         ; lpm_divide_o9m ; Untyped                       ;
; CARRY_CHAIN            ; MANUAL         ; Untyped                       ;
; OPTIMIZE_FOR_SPEED     ; 5              ; Untyped                       ;
; AUTO_CARRY_CHAINS      ; ON             ; AUTO_CARRY                    ;
; IGNORE_CARRY_BUFFERS   ; OFF            ; IGNORE_CARRY                  ;
; AUTO_CASCADE_CHAINS    ; ON             ; AUTO_CASCADE                  ;
; IGNORE_CASCADE_BUFFERS ; OFF            ; IGNORE_CASCADE                ;
+------------------------+----------------+-------------------------------+
Note: In order to hide this table in the UI and the text report file, please set the "Show Parameter Settings in Synthesis Report" option in "Analysis and Synthesis Settings -> More Settings" to "Off".


+-------------------------------------------------------------------------------+
; altsyncram Parameter Settings by Entity Instance                              ;
+-------------------------------------------+-----------------------------------+
; Name                                      ; Value                             ;
+-------------------------------------------+-----------------------------------+
; Number of entity instances                ; 1                                 ;
; Entity Instance                           ; sound:U4|altsyncram:WideOr4_rtl_0 ;
;     -- OPERATION_MODE                     ; ROM                               ;
;     -- WIDTH_A                            ; 7                                 ;
;     -- NUMWORDS_A                         ; 256                               ;
;     -- OUTDATA_REG_A                      ; UNREGISTERED                      ;
;     -- WIDTH_B                            ; 1                                 ;
;     -- NUMWORDS_B                         ; 1                                 ;
;     -- ADDRESS_REG_B                      ; CLOCK1                            ;
;     -- OUTDATA_REG_B                      ; UNREGISTERED                      ;
;     -- RAM_BLOCK_TYPE                     ; AUTO                              ;
;     -- READ_DURING_WRITE_MODE_MIXED_PORTS ; DONT_CARE                         ;
+-------------------------------------------+-----------------------------------+


+------------------------------------------------------------------------------------------------------------------+
; Port Connectivity Checks: "RNG:U5"                                                                               ;
+--------+--------+----------+-------------------------------------------------------------------------------------+
; Port   ; Type   ; Severity ; Details                                                                             ;
+--------+--------+----------+-------------------------------------------------------------------------------------+
; rnd[7] ; Output ; Info     ; Connected to dangling logic. Logic that only feeds a dangling port will be removed. ;
+--------+--------+----------+-------------------------------------------------------------------------------------+


+--------------------------------------------------------------------------------------------------------------------------------------------------------------------------------------------------------------+
; Port Connectivity Checks: "DISPLAY_7SEG:U2"                                                                                                                                                                  ;
+------+-------+----------+------------------------------------------------------------------------------------------------------------------------------------------------------------------------------------+
; Port ; Type  ; Severity ; Details                                                                                                                                                                            ;
+------+-------+----------+------------------------------------------------------------------------------------------------------------------------------------------------------------------------------------+
; so   ; Input ; Warning  ; Input port expression (15 bits) is wider than the input port (14 bits) it drives.  The 1 most-significant bit(s) in the expression will be dangling if they have no other fanouts. ;
+------+-------+----------+------------------------------------------------------------------------------------------------------------------------------------------------------------------------------------+


+-------------------------------+
; Elapsed Time Per Partition    ;
+----------------+--------------+
; Partition Name ; Elapsed Time ;
+----------------+--------------+
; Top            ; 00:00:04     ;
+----------------+--------------+


+-------------------------------+
; Analysis & Synthesis Messages ;
+-------------------------------+
Info: *******************************************************************
Info: Running Quartus II 64-Bit Analysis & Synthesis
    Info: Version 13.0.1 Build 232 06/12/2013 Service Pack 1 SJ Web Edition
    Info: Processing started: Sun Mar 16 20:08:51 2025
Info: Command: quartus_map --read_settings_files=on --write_settings_files=off snake_game -c snake_game
Warning (20028): Parallel compilation is not licensed and has been disabled
Info (12021): Found 1 design units, including 1 entities, in source file clk_1hz.v
    Info (12023): Found entity 1: CLK_1HZ
Info (12021): Found 1 design units, including 1 entities, in source file clk_100hz.v
    Info (12023): Found entity 1: CLK_100HZ
Warning (10229): Verilog HDL Expression warning at sound.v(11): truncated literal to match 16 bits
Warning (10229): Verilog HDL Expression warning at sound.v(12): truncated literal to match 16 bits
Warning (10229): Verilog HDL Expression warning at sound.v(13): truncated literal to match 16 bits
Warning (10229): Verilog HDL Expression warning at sound.v(14): truncated literal to match 16 bits
Info (12021): Found 1 design units, including 1 entities, in source file sound.v
    Info (12023): Found entity 1: sound
Info (12021): Found 1 design units, including 1 entities, in source file display_7seg.v
    Info (12023): Found entity 1: DISPLAY_7SEG
Info (12021): Found 1 design units, including 1 entities, in source file rng.v
    Info (12023): Found entity 1: RNG
Info (12021): Found 1 design units, including 1 entities, in source file top.v
    Info (12023): Found entity 1: TOP
Info (12127): Elaborating entity "TOP" for the top level hierarchy
Warning (10858): Verilog HDL warning at TOP.v(15): object e used but never assigned
Warning (10230): Verilog HDL assignment warning at TOP.v(50): truncated value with size 32 to match size of target (8)
Warning (10230): Verilog HDL assignment warning at TOP.v(60): truncated value with size 32 to match size of target (15)
Warning (10230): Verilog HDL assignment warning at TOP.v(102): truncated value with size 32 to match size of target (8)
Warning (10230): Verilog HDL assignment warning at TOP.v(103): truncated value with size 32 to match size of target (8)
Warning (10230): Verilog HDL assignment warning at TOP.v(104): truncated value with size 32 to match size of target (8)
Warning (10230): Verilog HDL assignment warning at TOP.v(105): truncated value with size 32 to match size of target (8)
Warning (10230): Verilog HDL assignment warning at TOP.v(110): truncated value with size 32 to match size of target (8)
Warning (10230): Verilog HDL assignment warning at TOP.v(111): truncated value with size 32 to match size of target (8)
Warning (10230): Verilog HDL assignment warning at TOP.v(112): truncated value with size 32 to match size of target (8)
Warning (10230): Verilog HDL assignment warning at TOP.v(113): truncated value with size 32 to match size of target (8)
Warning (10230): Verilog HDL assignment warning at TOP.v(118): truncated value with size 32 to match size of target (8)
Warning (10230): Verilog HDL assignment warning at TOP.v(119): truncated value with size 32 to match size of target (8)
Warning (10230): Verilog HDL assignment warning at TOP.v(120): truncated value with size 32 to match size of target (8)
Warning (10230): Verilog HDL assignment warning at TOP.v(121): truncated value with size 32 to match size of target (8)
Warning (10230): Verilog HDL assignment warning at TOP.v(126): truncated value with size 32 to match size of target (8)
Warning (10230): Verilog HDL assignment warning at TOP.v(127): truncated value with size 32 to match size of target (8)
Warning (10230): Verilog HDL assignment warning at TOP.v(128): truncated value with size 32 to match size of target (8)
Warning (10230): Verilog HDL assignment warning at TOP.v(129): truncated value with size 32 to match size of target (8)
Warning (10230): Verilog HDL assignment warning at TOP.v(134): truncated value with size 32 to match size of target (8)
Warning (10230): Verilog HDL assignment warning at TOP.v(135): truncated value with size 32 to match size of target (8)
Warning (10230): Verilog HDL assignment warning at TOP.v(136): truncated value with size 32 to match size of target (8)
Warning (10230): Verilog HDL assignment warning at TOP.v(137): truncated value with size 32 to match size of target (8)
Warning (10230): Verilog HDL assignment warning at TOP.v(142): truncated value with size 32 to match size of target (8)
Warning (10230): Verilog HDL assignment warning at TOP.v(143): truncated value with size 32 to match size of target (8)
Warning (10230): Verilog HDL assignment warning at TOP.v(144): truncated value with size 32 to match size of target (8)
Warning (10230): Verilog HDL assignment warning at TOP.v(145): truncated value with size 32 to match size of target (8)
Warning (10230): Verilog HDL assignment warning at TOP.v(150): truncated value with size 32 to match size of target (8)
Warning (10230): Verilog HDL assignment warning at TOP.v(151): truncated value with size 32 to match size of target (8)
Warning (10230): Verilog HDL assignment warning at TOP.v(152): truncated value with size 32 to match size of target (8)
Warning (10230): Verilog HDL assignment warning at TOP.v(153): truncated value with size 32 to match size of target (8)
Warning (10230): Verilog HDL assignment warning at TOP.v(158): truncated value with size 32 to match size of target (8)
Warning (10230): Verilog HDL assignment warning at TOP.v(159): truncated value with size 32 to match size of target (8)
Warning (10230): Verilog HDL assignment warning at TOP.v(160): truncated value with size 32 to match size of target (8)
Warning (10230): Verilog HDL assignment warning at TOP.v(161): truncated value with size 32 to match size of target (8)
Warning (10030): Net "e" at TOP.v(15) has no driver or initial value, using a default initial value '0'
Info (12128): Elaborating entity "CLK_1HZ" for hierarchy "CLK_1HZ:U1"
Warning (10230): Verilog HDL assignment warning at CLK_1HZ.v(9): truncated value with size 32 to match size of target (27)
Info (12128): Elaborating entity "DISPLAY_7SEG" for hierarchy "DISPLAY_7SEG:U2"
Warning (10230): Verilog HDL assignment warning at DISPLAY_7SEG.v(13): truncated value with size 32 to match size of target (16)
Warning (10230): Verilog HDL assignment warning at DISPLAY_7SEG.v(18): truncated value with size 32 to match size of target (4)
Warning (10230): Verilog HDL assignment warning at DISPLAY_7SEG.v(19): truncated value with size 32 to match size of target (4)
Warning (10230): Verilog HDL assignment warning at DISPLAY_7SEG.v(20): truncated value with size 32 to match size of target (4)
Warning (10230): Verilog HDL assignment warning at DISPLAY_7SEG.v(21): truncated value with size 32 to match size of target (4)
Warning (10230): Verilog HDL assignment warning at DISPLAY_7SEG.v(41): truncated value with size 32 to match size of target (1)
Warning (10199): Verilog HDL Case Statement warning at DISPLAY_7SEG.v(48): case item expression never matches the case expression
Warning (10199): Verilog HDL Case Statement warning at DISPLAY_7SEG.v(49): case item expression never matches the case expression
Info (12128): Elaborating entity "CLK_100HZ" for hierarchy "CLK_100HZ:U3"
Warning (10230): Verilog HDL assignment warning at CLK_100HZ.v(9): truncated value with size 32 to match size of target (27)
Info (12128): Elaborating entity "sound" for hierarchy "sound:U4"
Info (12128): Elaborating entity "RNG" for hierarchy "RNG:U5"
Warning (10230): Verilog HDL assignment warning at RNG.v(11): truncated value with size 32 to match size of target (8)
Info (19000): Inferred 1 megafunctions from design logic
    Info (276031): Inferred altsyncram megafunction from the following design logic: "sound:U4|WideOr4_rtl_0"
        Info (286033): Parameter OPERATION_MODE set to ROM
        Info (286033): Parameter WIDTH_A set to 7
        Info (286033): Parameter WIDTHAD_A set to 8
        Info (286033): Parameter NUMWORDS_A set to 256
        Info (286033): Parameter OUTDATA_REG_A set to UNREGISTERED
        Info (286033): Parameter RAM_BLOCK_TYPE set to AUTO
        Info (286033): Parameter INIT_FILE set to snake_game.TOP0.rtl.mif
Info (278001): Inferred 3 megafunctions from design logic
    Info (278004): Inferred divider/modulo megafunction ("lpm_divide") from the following logic: "DISPLAY_7SEG:U2|Div0"
    Info (278004): Inferred divider/modulo megafunction ("lpm_divide") from the following logic: "DISPLAY_7SEG:U2|Mod0"
    Info (278004): Inferred divider/modulo megafunction ("lpm_divide") from the following logic: "RNG:U5|Mod0"
Info (12130): Elaborated megafunction instantiation "sound:U4|altsyncram:WideOr4_rtl_0"
Info (12133): Instantiated megafunction "sound:U4|altsyncram:WideOr4_rtl_0" with the following parameter:
    Info (12134): Parameter "OPERATION_MODE" = "ROM"
    Info (12134): Parameter "WIDTH_A" = "7"
    Info (12134): Parameter "WIDTHAD_A" = "8"
    Info (12134): Parameter "NUMWORDS_A" = "256"
    Info (12134): Parameter "OUTDATA_REG_A" = "UNREGISTERED"
    Info (12134): Parameter "RAM_BLOCK_TYPE" = "AUTO"
    Info (12134): Parameter "INIT_FILE" = "snake_game.TOP0.rtl.mif"
Info (12021): Found 1 design units, including 1 entities, in source file db/altsyncram_3901.tdf
    Info (12023): Found entity 1: altsyncram_3901
Info (12130): Elaborated megafunction instantiation "DISPLAY_7SEG:U2|lpm_divide:Div0"
Info (12133): Instantiated megafunction "DISPLAY_7SEG:U2|lpm_divide:Div0" with the following parameter:
    Info (12134): Parameter "LPM_WIDTHN" = "14"
    Info (12134): Parameter "LPM_WIDTHD" = "4"
    Info (12134): Parameter "LPM_NREPRESENTATION" = "UNSIGNED"
    Info (12134): Parameter "LPM_DREPRESENTATION" = "UNSIGNED"
Info (12021): Found 1 design units, including 1 entities, in source file db/lpm_divide_0jm.tdf
    Info (12023): Found entity 1: lpm_divide_0jm
Info (12021): Found 1 design units, including 1 entities, in source file db/sign_div_unsign_olh.tdf
    Info (12023): Found entity 1: sign_div_unsign_olh
Info (12021): Found 1 design units, including 1 entities, in source file db/alt_u_div_uaf.tdf
    Info (12023): Found entity 1: alt_u_div_uaf
Info (12021): Found 1 design units, including 1 entities, in source file db/add_sub_1tc.tdf
    Info (12023): Found entity 1: add_sub_1tc
Info (12021): Found 1 design units, including 1 entities, in source file db/add_sub_2tc.tdf
    Info (12023): Found entity 1: add_sub_2tc
Info (12130): Elaborated megafunction instantiation "DISPLAY_7SEG:U2|lpm_divide:Mod0"
Info (12133): Instantiated megafunction "DISPLAY_7SEG:U2|lpm_divide:Mod0" with the following parameter:
    Info (12134): Parameter "LPM_WIDTHN" = "14"
    Info (12134): Parameter "LPM_WIDTHD" = "4"
    Info (12134): Parameter "LPM_NREPRESENTATION" = "UNSIGNED"
    Info (12134): Parameter "LPM_DREPRESENTATION" = "UNSIGNED"
Info (12021): Found 1 design units, including 1 entities, in source file db/lpm_divide_3bm.tdf
    Info (12023): Found entity 1: lpm_divide_3bm
Info (12130): Elaborated megafunction instantiation "RNG:U5|lpm_divide:Mod0"
Info (12133): Instantiated megafunction "RNG:U5|lpm_divide:Mod0" with the following parameter:
    Info (12134): Parameter "LPM_WIDTHN" = "7"
    Info (12134): Parameter "LPM_WIDTHD" = "7"
    Info (12134): Parameter "LPM_NREPRESENTATION" = "UNSIGNED"
    Info (12134): Parameter "LPM_DREPRESENTATION" = "UNSIGNED"
Info (12021): Found 1 design units, including 1 entities, in source file db/lpm_divide_o9m.tdf
    Info (12023): Found entity 1: lpm_divide_o9m
Info (12021): Found 1 design units, including 1 entities, in source file db/sign_div_unsign_dkh.tdf
    Info (12023): Found entity 1: sign_div_unsign_dkh
Info (12021): Found 1 design units, including 1 entities, in source file db/alt_u_div_88f.tdf
    Info (12023): Found entity 1: alt_u_div_88f
Warning (12241): 1 hierarchies have connectivity warnings - see the Connectivity Checks report folder
Warning (13024): Output pins are stuck at VCC or GND
    Warning (13410): Pin "rw" is stuck at GND
    Warning (13410): Pin "led[2]" is stuck at VCC
    Warning (13410): Pin "led[3]" is stuck at VCC
Info (286030): Timing-Driven Synthesis is running
Info (17049): 39 registers lost all their fanouts during netlist optimizations.
Info (144001): Generated suppressed messages file F:/snake_game/output_files/snake_game.map.smsg
Info (16010): Generating hard_block partition "hard_block:auto_generated_inst"
    Info (16011): Adding 0 node(s), including 0 DDIO, 0 PLL, 0 transceiver and 0 LCELL
Warning (21074): Design contains 1 input pin(s) that do not drive logic
    Warning (15610): No output dependent on input pin "rst"
Info (21057): Implemented 2665 device resources after synthesis - the final resource count might be different
    Info (21058): Implemented 6 input pins
    Info (21059): Implemented 23 output pins
    Info (21061): Implemented 2629 logic cells
    Info (21064): Implemented 7 RAM segments
Info: Quartus II 64-Bit Analysis & Synthesis was successful. 0 errors, 59 warnings
    Info: Peak virtual memory: 4616 megabytes
    Info: Processing ended: Sun Mar 16 20:08:57 2025
    Info: Elapsed time: 00:00:06
    Info: Total CPU time (on all processors): 00:00:06


+------------------------------------------+
; Analysis & Synthesis Suppressed Messages ;
+------------------------------------------+
The suppressed messages can be found in F:/snake_game/output_files/snake_game.map.smsg.


